{"level":"info","message":"Database is connected and server is running","timestamp":"2023-12-12 17:45:08"}
{"level":"info","message":"Getting all restaurants with ID: 6574a6698faa9633480ed91c","timestamp":"2023-12-12 17:55:14"}
{"level":"info","message":"Getting reviews of the restuarant with Id:6574a6698faa9633480ed91c","timestamp":"2023-12-12 17:55:15"}
{"level":"info","message":"Getting all restaurants with ID: 6574a6698faa9633480ed91c","timestamp":"2023-12-12 17:55:18"}
{"level":"info","message":"Getting all restaurants","timestamp":"2023-12-12 17:55:18"}
{"level":"info","message":"Getting cuisines","timestamp":"2023-12-12 17:55:18"}
{"level":"info","message":"Getting all restaurants","timestamp":"2023-12-12 20:24:11"}
{"level":"info","message":"Getting all restaurants with ID: 6574a6698faa9633480ed91c","timestamp":"2023-12-12 20:24:30"}
{"level":"info","message":"Database is connected and server is running","timestamp":"2023-12-12 20:24:56"}
{"level":"info","message":"Database is connected and server is running","timestamp":"2023-12-12 20:29:11"}
{"level":"info","message":"Database is connected and server is running","timestamp":"2023-12-12 21:57:59"}
{"level":"info","message":"Getting all restaurants","timestamp":"2023-12-12 21:58:24"}
{"level":"info","message":"Getting cuisines","timestamp":"2023-12-12 21:58:24"}
{"level":"info","message":"Getting restaurant with ID: 6574a6698faa9633480ed91f","timestamp":"2023-12-12 21:58:26"}
{"level":"info","message":"Getting reviews of the restuarant with Id:6574a6698faa9633480ed91f","timestamp":"2023-12-12 21:58:27"}
{"level":"info","message":"Getting all restaurants","timestamp":"2023-12-12 21:58:31"}
{"level":"info","message":"Getting cuisines","timestamp":"2023-12-12 21:58:31"}
{"level":"info","message":"Getting all restaurants","timestamp":"2023-12-12 21:58:32"}
{"level":"info","message":"Getting cuisines","timestamp":"2023-12-12 21:58:32"}
{"level":"info","message":"Getting all restaurants","timestamp":"2023-12-13 01:24:07"}
{"level":"info","message":"Getting restaurant with ID: your-restaurant-id-here","timestamp":"2023-12-13 01:24:09"}
{"level":"info","message":"Getting reviews of the restuarant with Id:your-restaurant-id-here","timestamp":"2023-12-13 01:24:09"}
{"level":"info","message":"Database is connected and server is running","timestamp":"2023-12-13 01:31:44"}
{"level":"info","message":"Getting all restaurants","timestamp":"2023-12-13 01:31:44"}
{"level":"info","message":"Getting restaurant with ID: your-restaurant-id-here","timestamp":"2023-12-13 01:31:44"}
{"level":"info","message":"Getting reviews of the restuarant with Id:your-restaurant-id-here","timestamp":"2023-12-13 01:31:44"}
{"level":"info","message":"Database is connected and server is running","timestamp":"2023-12-13 01:39:33"}
{"level":"info","message":"Getting all restaurants","timestamp":"2023-12-13 01:39:33"}
{"level":"info","message":"Database is connected and server is running","timestamp":"2023-12-13 01:40:43"}
{"level":"info","message":"Getting all restaurants","timestamp":"2023-12-13 01:40:43"}
{"level":"info","message":"Database is connected and server is running","timestamp":"2023-12-13 01:44:48"}
{"level":"info","message":"Getting all restaurants","timestamp":"2023-12-13 01:44:48"}
{"level":"info","message":"Getting restaurant with ID: 6574a6698faa9633480ed92c","timestamp":"2023-12-13 01:44:48"}
{"level":"info","message":"Database is connected and server is running","timestamp":"2023-12-13 01:45:50"}
{"level":"info","message":"Getting all restaurants","timestamp":"2023-12-13 01:45:51"}
{"level":"info","message":"Getting restaurant with ID: 6574a6698faa9633480ed92c","timestamp":"2023-12-13 01:45:51"}
{"level":"info","message":"Database is connected and server is running","timestamp":"2023-12-13 01:52:35"}
{"level":"info","message":"Getting all restaurants","timestamp":"2023-12-13 01:52:35"}
{"level":"info","message":"Getting restaurant with ID: 6574a6698faa9633480ed92c","timestamp":"2023-12-13 01:52:35"}
{"level":"info","message":"Getting reviews of the restuarant with Id:6574a6698faa9633480ed92c","timestamp":"2023-12-13 01:52:35"}
{"level":"info","message":"Database is connected and server is running","timestamp":"2023-12-13 01:52:57"}
{"level":"info","message":"Getting all restaurants","timestamp":"2023-12-13 01:52:57"}
{"level":"info","message":"Getting restaurant with ID: 6574a6698faa9633480ed92c","timestamp":"2023-12-13 01:52:57"}
{"level":"info","message":"Getting reviews of the restuarant with Id:6574a6698faa9633480ed92c","timestamp":"2023-12-13 01:52:57"}
{"level":"info","message":"Database is connected and server is running","timestamp":"2023-12-13 01:53:44"}
{"level":"info","message":"Getting all restaurants","timestamp":"2023-12-13 01:53:44"}
{"level":"info","message":"Getting restaurant with ID: 6574a6698faa9633480ed92c","timestamp":"2023-12-13 01:53:44"}
{"level":"info","message":"Getting reviews of the restuarant with Id:6574a6698faa96380ed92c","timestamp":"2023-12-13 01:53:44"}
{"level":"info","message":"Database is connected and server is running","timestamp":"2023-12-13 01:54:09"}
{"level":"info","message":"Getting all restaurants","timestamp":"2023-12-13 01:54:09"}
{"level":"info","message":"Getting restaurant with ID: 6574a6698faa9633480ed92c","timestamp":"2023-12-13 01:54:09"}
{"level":"info","message":"Getting reviews of the restuarant with Id:6574a6698ed92c","timestamp":"2023-12-13 01:54:09"}
{"level":"info","message":"Database is connected and server is running","timestamp":"2023-12-13 01:56:06"}
{"level":"info","message":"Getting all restaurants","timestamp":"2023-12-13 01:56:06"}
{"level":"info","message":"Getting restaurant with ID: 6574a6698faa9633480ed92c","timestamp":"2023-12-13 01:56:06"}
{"level":"info","message":"Getting reviews of the restuarant with Id:6574a6698ed92c","timestamp":"2023-12-13 01:56:06"}
{"level":"info","message":"Database is connected and server is running","timestamp":"2023-12-13 01:58:54"}
{"level":"info","message":"Getting all restaurants","timestamp":"2023-12-13 01:58:54"}
{"level":"info","message":"Getting restaurant with ID: 6574a6698faa9633480ed92c","timestamp":"2023-12-13 01:58:54"}
{"level":"info","message":"Getting reviews of the restuarant with Id:6574a6698ed92c","timestamp":"2023-12-13 01:58:54"}
{"level":"info","message":"Database is connected and server is running","timestamp":"2023-12-13 02:01:00"}
{"level":"info","message":"Getting all restaurants","timestamp":"2023-12-13 02:01:00"}
{"level":"info","message":"Getting restaurant with ID: 6574a6698faa9633480ed92c","timestamp":"2023-12-13 02:01:00"}
{"level":"info","message":"Getting reviews of the restuarant with Id:6574a6698ed92c","timestamp":"2023-12-13 02:01:00"}
{"level":"info","message":"Database is connected and server is running","timestamp":"2023-12-13 02:04:08"}
{"level":"info","message":"Getting all restaurants","timestamp":"2023-12-13 02:04:08"}
{"level":"info","message":"Getting restaurant with ID: 6574a6698faa9633480ed92c","timestamp":"2023-12-13 02:04:08"}
{"level":"info","message":"Getting reviews of the restuarant with Id:6574a6698ed92c","timestamp":"2023-12-13 02:04:08"}
{"level":"info","message":"Database is connected and server is running","timestamp":"2023-12-13 02:05:27"}
{"level":"info","message":"Getting all restaurants","timestamp":"2023-12-13 02:05:27"}
{"level":"info","message":"Getting restaurant with ID: 6574a6698faa9633480ed92c","timestamp":"2023-12-13 02:05:27"}
{"level":"info","message":"Getting reviews of the restuarant with Id:6574a6698ed92c","timestamp":"2023-12-13 02:05:27"}
{"level":"info","message":"Database is connected and server is running","timestamp":"2023-12-13 02:06:48"}
{"level":"info","message":"Getting all restaurants","timestamp":"2023-12-13 02:06:48"}
{"level":"info","message":"Getting restaurant with ID: 6574a6698faa9633480ed92c","timestamp":"2023-12-13 02:06:48"}
{"level":"info","message":"Getting reviews of the restuarant with Id:6574a6698ed92c","timestamp":"2023-12-13 02:06:48"}
{"level":"info","message":"Database is connected and server is running","timestamp":"2023-12-13 02:07:03"}
{"level":"info","message":"Getting all restaurants","timestamp":"2023-12-13 02:07:03"}
{"level":"info","message":"Getting restaurant with ID: 6574a6698faa9633480ed92c","timestamp":"2023-12-13 02:07:03"}
{"level":"info","message":"Getting reviews of the restuarant with Id:6574a6698ed92c","timestamp":"2023-12-13 02:07:03"}
{"level":"info","message":"Database is connected and server is running","timestamp":"2023-12-13 11:38:04"}
{"level":"info","message":"Getting all restaurants","timestamp":"2023-12-13 11:38:14"}
{"level":"info","message":"Getting cuisines","timestamp":"2023-12-13 11:38:14"}
{"level":"info","message":"Getting all restaurants","timestamp":"2023-12-13 11:38:24"}
{"level":"info","message":"Getting cuisines","timestamp":"2023-12-13 11:38:25"}
{"level":"info","message":"Getting all restaurants","timestamp":"2023-12-13 12:01:02"}
{"level":"info","message":"Getting cuisines","timestamp":"2023-12-13 12:01:02"}
{"level":"info","message":"Getting restaurant with ID: 65744be231289a3e81fc72f3","timestamp":"2023-12-13 12:01:03"}
{"level":"info","message":"Getting reviews of the restuarant with Id:65744be231289a3e81fc72f3","timestamp":"2023-12-13 12:01:04"}
{"level":"info","message":"Getting all restaurants","timestamp":"2023-12-13 12:01:11"}
{"level":"info","message":"Getting cuisines","timestamp":"2023-12-13 12:01:11"}
{"level":"info","message":"Getting restaurant with ID: 65744be231289a3e81fc72f4","timestamp":"2023-12-13 12:01:12"}
{"level":"info","message":"Getting reviews of the restuarant with Id:65744be231289a3e81fc72f4","timestamp":"2023-12-13 12:01:13"}
{"level":"info","message":"Database is connected and server is running","timestamp":"2023-12-13 12:47:49"}
{"level":"info","message":"Getting all restaurants","timestamp":"2023-12-13 12:47:51"}
{"level":"info","message":"Getting cuisines","timestamp":"2023-12-13 12:47:51"}
